SF:lib/app/view/app.dart
DA:7,1
DA:9,1
DA:11,1
DA:12,1
DA:14,1
LF:5
LH:5
end_of_record
SF:lib/l10n/l10n.dart
DA:7,2
LF:1
LH:1
end_of_record
SF:lib/counter/cubit/counter_cubit.dart
DA:4,2
DA:6,0
DA:8,0
LF:3
LH:1
end_of_record
SF:lib/counter/view/counter_page.dart
DA:7,1
DA:9,1
DA:11,1
DA:12,2
DA:19,1
DA:21,1
DA:23,1
DA:24,1
DA:25,3
DA:27,1
DA:30,1
DA:31,1
DA:32,0
DA:36,1
DA:37,0
DA:47,1
DA:49,1
DA:51,1
DA:52,3
DA:53,4
LF:20
LH:18
end_of_record
SF:lib/main.dart
DA:3,0
DA:4,0
DA:8,2
DA:11,1
DA:13,1
DA:15,1
DA:33,1
DA:46,1
DA:47,1
DA:53,1
DA:54,2
DA:60,2
DA:64,1
DA:72,1
DA:73,1
DA:76,3
DA:78,1
DA:81,1
DA:97,1
DA:101,1
DA:102,2
DA:103,3
DA:108,1
DA:109,1
LF:24
LH:22
end_of_record
